<?xml version="1.0" encoding="UTF-8"?>
<testng-results ignored="0" total="1" passed="1" failed="0" skipped="0">
  <reporter-output>
  </reporter-output>
  <suite started-at="2022-10-20T04:10:06 BST" name="Suite" finished-at="2022-10-20T04:10:17 BST" duration-ms="10355">
    <groups>
    </groups>
    <test started-at="2022-10-20T04:10:06 BST" name="Test" finished-at="2022-10-20T04:10:17 BST" duration-ms="10355">
      <class name="tests.Login">
        <test-method is-config="true" signature="setUp()[pri:0, instance:tests.Login@13330ac6]" started-at="2022-10-20T04:10:06 BST" name="setUp" finished-at="2022-10-20T04:10:09 BST" duration-ms="2534" status="PASS">
          <reporter-output>
          </reporter-output>
        </test-method> <!-- setUp -->
        <test-method signature="loginTest(java.lang.String,java.lang.String)[pri:0, instance:tests.Login@13330ac6]" started-at="2022-10-20T04:10:09 BST" name="loginTest" data-provider="test1data" finished-at="2022-10-20T04:10:16 BST" duration-ms="7022" status="PASS">
          <params>
            <param index="0">
              <value>
                <![CDATA[jneville@efinancialcareers.com]]>
              </value>
            </param>
            <param index="1">
              <value>
                <![CDATA[testing123]]>
              </value>
            </param>
          </params>
          <reporter-output>
          </reporter-output>
        </test-method> <!-- loginTest -->
        <test-method is-config="true" signature="tearDown()[pri:0, instance:tests.Login@13330ac6]" started-at="2022-10-20T04:10:16 BST" name="tearDown" finished-at="2022-10-20T04:10:17 BST" duration-ms="233" status="PASS">
          <reporter-output>
          </reporter-output>
        </test-method> <!-- tearDown -->
      </class> <!-- tests.Login -->
    </test> <!-- Test -->
  </suite> <!-- Suite -->
</testng-results>
